# JRE version: OpenJDK Runtime Environment (17.0.2+8) (build 17.0.2+8-86)
# Java VM: OpenJDK 64-Bit Server VM (17.0.2+8-86, mixed mode, sharing, tiered, compressed oops, compressed class ptrs, g1 gc, windows-amd64)
GC Precious Log:
 CPUs: 8 total, 8 available
 Memory: 16165M
 Large Page Support: Disabled
 NUMA Support: Disabled
 Compressed Oops: Enabled (32-bit)
 Heap Region Size: 1M
 Heap Min Capacity: 256M
 Heap Initial Capacity: 256M
 Heap Max Capacity: 512M
 Pre-touch: Disabled
 Parallel Workers: 8
 Concurrent Workers: 2
 Concurrent Refinement Workers: 8
 Periodic GC: Disabled
Heap:
 garbage-first heap   total 262144K, used 45343K [0x00000000e0000000, 0x0000000100000000)
  region size 1024K, 14 young (14336K), 1 survivors (1024K)
 Metaspace       used 37061K, committed 37440K, reserved 348160K
  class space    used 5172K, committed 5376K, reserved 315392K
GC Heap History (14 events):
Event: 1.027 GC heap before
{Heap before GC invocations=0 (full 0):
 garbage-first heap   total 262144K, used 26624K [0x00000000e0000000, 0x0000000100000000)
  region size 1024K, 23 young (23552K), 0 survivors (0K)
 Metaspace       used 1967K, committed 2112K, reserved 323584K
  class space    used 208K, committed 320K, reserved 315392K
}
Event: 1.032 GC heap after
{Heap after GC invocations=1 (full 0):
 garbage-first heap   total 262144K, used 10755K [0x00000000e0000000, 0x0000000100000000)
  region size 1024K, 3 young (3072K), 3 survivors (3072K)
 Metaspace       used 1967K, committed 2112K, reserved 323584K
  class space    used 208K, committed 320K, reserved 315392K
}
Event: 2.315 GC heap before
{Heap before GC invocations=1 (full 0):
 garbage-first heap   total 262144K, used 38403K [0x00000000e0000000, 0x0000000100000000)
  region size 1024K, 30 young (30720K), 3 survivors (3072K)
 Metaspace       used 4030K, committed 4224K, reserved 323584K
  class space    used 502K, committed 640K, reserved 315392K
}
Event: 2.319 GC heap after
{Heap after GC invocations=2 (full 0):
 garbage-first heap   total 262144K, used 11831K [0x00000000e0000000, 0x0000000100000000)
  region size 1024K, 2 young (2048K), 2 survivors (2048K)
 Metaspace       used 4030K, committed 4224K, reserved 323584K
  class space    used 502K, committed 640K, reserved 315392K
}
Event: 8.376 GC heap before
{Heap before GC invocations=2 (full 0):
 garbage-first heap   total 262144K, used 141879K [0x00000000e0000000, 0x0000000100000000)
  region size 1024K, 127 young (130048K), 2 survivors (2048K)
 Metaspace       used 20969K, committed 21248K, reserved 339968K
  class space    used 3081K, committed 3200K, reserved 315392K
}
Event: 8.388 GC heap after
{Heap after GC invocations=3 (full 0):
 garbage-first heap   total 262144K, used 23373K [0x00000000e0000000, 0x0000000100000000)
  region size 1024K, 12 young (12288K), 12 survivors (12288K)
 Metaspace       used 20969K, committed 21248K, reserved 339968K
  class space    used 3081K, committed 3200K, reserved 315392K
}
Event: 8.438 GC heap before
{Heap before GC invocations=3 (full 0):
 garbage-first heap   total 262144K, used 25421K [0x00000000e0000000, 0x0000000100000000)
  region size 1024K, 15 young (15360K), 12 survivors (12288K)
 Metaspace       used 21209K, committed 21504K, reserved 339968K
  class space    used 3119K, committed 3264K, reserved 315392K
}
Event: 8.447 GC heap after
{Heap after GC invocations=4 (full 0):
 garbage-first heap   total 262144K, used 24678K [0x00000000e0000000, 0x0000000100000000)
  region size 1024K, 2 young (2048K), 2 survivors (2048K)
 Metaspace       used 21209K, committed 21504K, reserved 339968K
  class space    used 3119K, committed 3264K, reserved 315392K
}
Event: 11.263 GC heap before
{Heap before GC invocations=5 (full 0):
 garbage-first heap   total 262144K, used 152678K [0x00000000e0000000, 0x0000000100000000)
  region size 1024K, 124 young (126976K), 2 survivors (2048K)
 Metaspace       used 35617K, committed 35968K, reserved 348160K
  class space    used 4925K, committed 5120K, reserved 315392K
}
Event: 11.275 GC heap after
{Heap after GC invocations=6 (full 0):
 garbage-first heap   total 262144K, used 33495K [0x00000000e0000000, 0x0000000100000000)
  region size 1024K, 10 young (10240K), 10 survivors (10240K)
 Metaspace       used 35617K, committed 35968K, reserved 348160K
  class space    used 4925K, committed 5120K, reserved 315392K
}
Event: 11.328 GC heap before
{Heap before GC invocations=6 (full 0):
 garbage-first heap   total 262144K, used 34519K [0x00000000e0000000, 0x0000000100000000)
  region size 1024K, 12 young (12288K), 10 survivors (10240K)
 Metaspace       used 35787K, committed 36160K, reserved 348160K
  class space    used 4966K, committed 5184K, reserved 315392K
}
Event: 11.338 GC heap after
{Heap after GC invocations=7 (full 0):
 garbage-first heap   total 262144K, used 33936K [0x00000000e0000000, 0x0000000100000000)
  region size 1024K, 2 young (2048K), 2 survivors (2048K)
 Metaspace       used 35787K, committed 36160K, reserved 348160K
  class space    used 4966K, committed 5184K, reserved 315392K
}
Event: 11.378 GC heap before
{Heap before GC invocations=7 (full 0):
 garbage-first heap   total 262144K, used 34960K [0x00000000e0000000, 0x0000000100000000)
  region size 1024K, 4 young (4096K), 2 survivors (2048K)
 Metaspace       used 35927K, committed 36288K, reserved 348160K
  class space    used 4984K, committed 5184K, reserved 315392K
}
Event: 11.380 GC heap after
{Heap after GC invocations=8 (full 0):
 garbage-first heap   total 262144K, used 33055K [0x00000000e0000000, 0x0000000100000000)
  region size 1024K, 1 young (1024K), 1 survivors (1024K)
 Metaspace       used 35927K, committed 36288K, reserved 348160K
  class space    used 4984K, committed 5184K, reserved 315392K
}

